🍆 Dongometer Matrix Listener starting...
==================================================
[Matrix] Logging in as @scooby:cclub.cs.wmich.edu...
[Matrix] Logged in as @scooby:cclub.cs.wmich.edu
[Matrix] Joining room !pYoawuzxaFxYhOVtjN:cclub.cs.wmich.edu...
[Matrix] Joined room
[Matrix] Listening for messages in all connected rooms...
[Dongometer] Sending events to http://localhost:5000/api/event
[Matrix] Starting sync...
[Matrix] Starting sync...
[Matrix] Starting sync...
[Matrix] Starting sync...
[Matrix] Starting sync...
[Matrix] Starting sync...
[Matrix API Error] The read operation timed out
[Matrix] Starting sync...
[Matrix API Error] The read operation timed out
[Matrix] Starting sync...
[Matrix] Starting sync...
[Matrix] Starting sync...
[Matrix] Starting sync...
[Matrix] Starting sync...
[Matrix] Starting sync...
[Matrix] Starting sync...
[Matrix] Starting sync...
[Matrix] Starting sync...
[Matrix] Starting sync...
[Matrix] Starting sync...
[Matrix] Starting sync...
[Matrix] Starting sync...
[Matrix] Starting sync...
[Matrix] Starting sync...
[Matrix] Starting sync...
[Matrix] Starting sync...
[Matrix] Starting sync...
[Matrix] Starting sync...
[Matrix] Starting sync...
[Matrix] Starting sync...
[Matrix] Starting sync...
[Matrix API Error] The read operation timed out
[Matrix] Starting sync...
[Matrix] Starting sync...
[Matrix] Starting sync...
[Matrix] Starting sync...
[Matrix] Starting sync...
[Matrix] Starting sync...
[Matrix] Starting sync...
[Matrix] Starting sync...
[Matrix API Error] The read operation timed out
[Matrix] Starting sync...
[Matrix] Starting sync...
[Matrix] Starting sync...
[Matrix] Starting sync...
[Matrix] Starting sync...
[Matrix] Starting sync...
[Matrix] Starting sync...
[Matrix API Error] The read operation timed out
[Matrix] Starting sync...
[Matrix API Error] The read operation timed out
[Matrix] Starting sync...
[Matrix] Starting sync...
[Matrix API Error] The read operation timed out
[Matrix] Starting sync...
[Matrix] Starting sync...
[Matrix] Starting sync...
[Dongometer] shaggy: ['🍕+1'] chaos_boost=1
[Matrix] Starting sync...
[Matrix] Starting sync...
[Matrix] Starting sync...
[Matrix] Starting sync...
[Dongometer] shaggy: ['🍕+1'] chaos_boost=1
[Matrix] Starting sync...
[Matrix] Starting sync...
[Matrix] Starting sync...
[Matrix] Starting sync...
[Matrix] Starting sync...
[Matrix] Starting sync...
[Matrix] Starting sync...
[Matrix] Starting sync...
[Matrix] Starting sync...
[Dongometer] shaggy: [] chaos_boost=2
[Matrix] Starting sync...
[Matrix] Starting sync...
[Matrix API Error] The read operation timed out
[Matrix] Starting sync...
[Matrix API Error] The read operation timed out
[Matrix] Starting sync...
[Matrix] Starting sync...
[Matrix API Error] The read operation timed out
[Matrix] Starting sync...
[Matrix API Error] The read operation timed out
[Matrix] Starting sync...
[Matrix] Starting sync...
[Matrix API Error] The read operation timed out
[Matrix] Starting sync...
[Matrix] Starting sync...
[Matrix] Starting sync...
[Matrix] Starting sync...
[Matrix] Starting sync...
[Matrix] Starting sync...
[Matrix API Error] The read operation timed out
[Matrix] Starting sync...
[Matrix] Starting sync...
[Matrix] Starting sync...
[Matrix] Starting sync...
[Matrix] Starting sync...
[Matrix] Starting sync...
[Matrix] Starting sync...
[Matrix] Starting sync...
[Dongometer Error] <urlopen error [Errno 111] Connection refused>
[Dongometer Error] <urlopen error [Errno 111] Connection refused>
[Dongometer] shaggy: ['🍕+1'] chaos_boost=1
[Matrix] Starting sync...
[Matrix] Starting sync...
[Dongometer Error] <urlopen error [Errno 111] Connection refused>
[Matrix] Starting sync...
[Matrix] Starting sync...
[Matrix] Starting sync...
[Dongometer Error] <urlopen error [Errno 111] Connection refused>
[Dongometer Error] <urlopen error [Errno 111] Connection refused>
[Dongometer] shaggy: ['🍕+1'] chaos_boost=1
[Matrix] Starting sync...
[Dongometer Error] <urlopen error [Errno 111] Connection refused>
[Matrix] Starting sync...
[Matrix] Starting sync...
[Matrix API Error] The read operation timed out
[Matrix] Starting sync...
[Matrix] Starting sync...
[Matrix] Starting sync...
[Matrix] Starting sync...
[Dongometer Error] <urlopen error [Errno 111] Connection refused>
[Matrix] Starting sync...
[Matrix] Starting sync...
[Matrix] Starting sync...
[Matrix API Error] The read operation timed out
[Matrix] Starting sync...
[Matrix API Error] The read operation timed out
[Matrix] Starting sync...
