🍆 Dongometer Matrix Listener starting...
==================================================
[Matrix] Logging in as @scooby:cclub.cs.wmich.edu...
[Matrix] Logged in as @scooby:cclub.cs.wmich.edu
[Matrix] Joining room !pYoawuzxaFxYhOVtjN:cclub.cs.wmich.edu...
[Matrix] Joined room
[Matrix] Listening for messages in #donghouse...
[Dongometer] Sending events to http://localhost:5000/api/event
[Matrix] Starting sync...
[Matrix] Starting sync...
[Matrix API Error] The read operation timed out
[Matrix] Starting sync...
[Matrix] Starting sync...
[Matrix] Starting sync...
[Matrix] Starting sync...
[Matrix] Starting sync...
[Matrix] Starting sync...
[Matrix] Starting sync...
[Matrix API Error] The read operation timed out
[Matrix] Starting sync...
[Matrix] Starting sync...
[Matrix] Starting sync...
[Matrix] Starting sync...
[Matrix] Starting sync...
[Matrix] Starting sync...
[Matrix API Error] The read operation timed out
[Matrix] Starting sync...
[Matrix API Error] The read operation timed out
[Matrix] Starting sync...
[Matrix] Starting sync...
